Arguments: 
  /usr/local/Cellar/node/11.10.0/bin/node /usr/local/Cellar/yarn/1.13.0/libexec/bin/yarn.js install --mutex network:42424 --non-interactive

PATH: 
  /Users/lilun/workspace/swagger-to-umi-mock-server/packages/umi-plugin-swagger-to-mock/node_modules/.bin:/Users/lilun/workspace/swagger-to-umi-mock-server/packages/node_modules/.bin:/Users/lilun/workspace/swagger-to-umi-mock-server/node_modules/.bin:/Users/lilun/workspace/node_modules/.bin:/Users/lilun/node_modules/.bin:/Users/node_modules/.bin:/node_modules/.bin:/usr/local/Cellar/node/11.10.0/bin:/var/folders/x0/lmy4fvjd5jb4btf8b3r4n9p80000gp/T/yarn--1560498910774-0.7903908434933982:/Users/lilun/workspace/swagger-to-umi-mock-server/node_modules/.bin:/Users/lilun/.config/yarn/link/node_modules/.bin:/Users/lilun/workspace/swagger-to-umi-mock-server/node_modules/.bin:/Users/lilun/.config/yarn/link/node_modules/.bin:/usr/local/Cellar/node/11.10.0/libexec/lib/node_modules/npm/bin/node-gyp-bin:/usr/local/Cellar/node/11.10.0/lib/node_modules/npm/bin/node-gyp-bin:/usr/local/Cellar/node/11.10.0/bin/node_modules/npm/bin/node-gyp-bin:/usr/local/bin:/usr/bin:/bin:/usr/sbin:/sbin:/Applications/VMware Fusion.app/Contents/Public:/usr/local/Cellar/node/11.10.0/bin:/usr/local/Cellar/node/11.10.0/bin

Yarn version: 
  1.13.0

Node version: 
  8.11.1

Platform: 
  darwin x64

Trace: 
  Error: https://registry.npm.taobao.org/lodash.forown/download/lodash.forown-2.4.1.tgz: Request failed "500 Internal Server Error"
      at ResponseError.ExtendableBuiltin (/usr/local/Cellar/yarn/1.13.0/libexec/lib/cli.js:702:66)
      at new ResponseError (/usr/local/Cellar/yarn/1.13.0/libexec/lib/cli.js:808:124)
      at Request.<anonymous> (/usr/local/Cellar/yarn/1.13.0/libexec/lib/cli.js:66325:16)
      at emitOne (events.js:116:13)
      at Request.emit (events.js:211:7)
      at Request.module.exports.Request.onRequestResponse (/usr/local/Cellar/yarn/1.13.0/libexec/lib/cli.js:130274:10)
      at emitOne (events.js:116:13)
      at ClientRequest.emit (events.js:211:7)
      at HTTPParser.parserOnIncomingClient (_http_client.js:551:21)
      at HTTPParser.parserOnHeadersComplete (_http_common.js:115:23)

npm manifest: 
  {
  	"name": "umi-plugin-swagger-to-mock",
  	"version": "0.0.0",
  	"description": "swagger 文档一健转 umi mock 服务 (swagger docs transform to umi mock server)",
  	"main": "lib/index.js",
  	"bin": {
  		"swagger-umi-serve": "lib/index.js"
  	},
  	"repository": {
  		"type": "git",
  		"url": "https://github.com/Leonard-Li777/swagger-to-umi-mock-server/packages/umi-plugin-swagger-to-mock"
  	},
  	"keywords": [
  		"swagger",
  		"mock",
  		"umi-mock-server",
  		"umi-plugin-swagger-to-mock"
  	],
  	"author": "seaeye <seaeye777@qq.com> (https://github.com/Leonard-Li777)",
  	"license": "MIT",
  	"bugs": {
  		"url": "https://github.com/Leonard-Li777/swagger-to-umi-mock-server/issues"
  	},
  	"homepage": "https://github.com/Leonard-Li777/swagger-to-umi-mock-server",
  	"files": [
  		"lib",
  		"src"
  	],
  	"lint-staged": {
  		"**/*.{js,jsx,tsx,ts,less,md,json}": [
  			"prettier --write",
  			"git add"
  		]
  	},
  	"dependencies": {
  		"globby": "7.1.1",
  		"swagger-parser-mock": "^1.1.2"
  	}
  }

yarn manifest: 
  No manifest

Lockfile: 
  # THIS IS AN AUTOGENERATED FILE. DO NOT EDIT THIS FILE DIRECTLY.
  # yarn lockfile v1
  
  
  array-union@^1.0.1:
    version "1.0.2"
    resolved "https://registry.npm.taobao.org/array-union/download/array-union-1.0.2.tgz#9a34410e4f4e3da23dea375be5be70f24778ec39"
    integrity sha1-mjRBDk9OPaI96jdb5b5w8kd47Dk=
    dependencies:
      array-uniq "^1.0.1"
  
  array-uniq@^1.0.1:
    version "1.0.3"
    resolved "https://registry.npm.taobao.org/array-uniq/download/array-uniq-1.0.3.tgz#af6ac877a25cc7f74e058894753858dfdb24fdb6"
    integrity sha1-r2rId6Jcx/dOBYiUdThY39sk/bY=
  
  balanced-match@^1.0.0:
    version "1.0.0"
    resolved "https://registry.npm.taobao.org/balanced-match/download/balanced-match-1.0.0.tgz#89b4d199ab2bee49de164ea02b89ce462d71b767"
    integrity sha1-ibTRmasr7kneFk6gK4nORi1xt2c=
  
  brace-expansion@^1.1.7:
    version "1.1.11"
    resolved "https://registry.npm.taobao.org/brace-expansion/download/brace-expansion-1.1.11.tgz#3c7fcbf529d87226f3d2f52b966ff5271eb441dd"
    integrity sha1-PH/L9SnYcibz0vUrlm/1Jx60Qd0=
    dependencies:
      balanced-match "^1.0.0"
      concat-map "0.0.1"
  
  concat-map@0.0.1:
    version "0.0.1"
    resolved "https://registry.npm.taobao.org/concat-map/download/concat-map-0.0.1.tgz#d8a96bd77fd68df7793a73036a3ba0d5405d477b"
    integrity sha1-2Klr13/Wjfd5OnMDajug1UBdR3s=
  
  dir-glob@^2.0.0:
    version "2.2.2"
    resolved "https://registry.npm.taobao.org/dir-glob/download/dir-glob-2.2.2.tgz#fa09f0694153c8918b18ba0deafae94769fc50c4"
    integrity sha1-+gnwaUFTyJGLGLoN6vrpR2n8UMQ=
    dependencies:
      path-type "^3.0.0"
  
  fs.realpath@^1.0.0:
    version "1.0.0"
    resolved "https://registry.npm.taobao.org/fs.realpath/download/fs.realpath-1.0.0.tgz#1504ad2523158caa40db4a2787cb01411994ea4f"
    integrity sha1-FQStJSMVjKpA20onh8sBQRmU6k8=
  
  glob@^7.1.2:
    version "7.1.4"
    resolved "https://registry.npm.taobao.org/glob/download/glob-7.1.4.tgz#aa608a2f6c577ad357e1ae5a5c26d9a8d1969255"
    integrity sha1-qmCKL2xXetNX4a5aXCbZqNGWklU=
    dependencies:
      fs.realpath "^1.0.0"
      inflight "^1.0.4"
      inherits "2"
      minimatch "^3.0.4"
      once "^1.3.0"
      path-is-absolute "^1.0.0"
  
  globby@7.1.1:
    version "7.1.1"
    resolved "https://registry.npm.taobao.org/globby/download/globby-7.1.1.tgz#fb2ccff9401f8600945dfada97440cca972b8680"
    integrity sha1-+yzP+UAfhgCUXfral0QMypcrhoA=
    dependencies:
      array-union "^1.0.1"
      dir-glob "^2.0.0"
      glob "^7.1.2"
      ignore "^3.3.5"
      pify "^3.0.0"
      slash "^1.0.0"
  
  ignore@^3.3.5:
    version "3.3.10"
    resolved "https://registry.npm.taobao.org/ignore/download/ignore-3.3.10.tgz?cache=0&other_urls=https%3A%2F%2Fregistry.npm.taobao.org%2Fignore%2Fdownload%2Fignore-3.3.10.tgz#0a97fb876986e8081c631160f8f9f389157f0043"
    integrity sha1-Cpf7h2mG6AgcYxFg+PnziRV/AEM=
  
  inflight@^1.0.4:
    version "1.0.6"
    resolved "https://registry.npm.taobao.org/inflight/download/inflight-1.0.6.tgz#49bd6331d7d02d0c09bc910a1075ba8165b56df9"
    integrity sha1-Sb1jMdfQLQwJvJEKEHW6gWW1bfk=
    dependencies:
      once "^1.3.0"
      wrappy "1"
  
  inherits@2:
    version "2.0.3"
    resolved "https://registry.npm.taobao.org/inherits/download/inherits-2.0.3.tgz#633c2c83e3da42a502f52466022480f4208261de"
    integrity sha1-Yzwsg+PaQqUC9SRmAiSA9CCCYd4=
  
  minimatch@^3.0.4:
    version "3.0.4"
    resolved "https://registry.npm.taobao.org/minimatch/download/minimatch-3.0.4.tgz?cache=0&other_urls=https%3A%2F%2Fregistry.npm.taobao.org%2Fminimatch%2Fdownload%2Fminimatch-3.0.4.tgz#5166e286457f03306064be5497e8dbb0c3d32083"
    integrity sha1-UWbihkV/AzBgZL5Ul+jbsMPTIIM=
    dependencies:
      brace-expansion "^1.1.7"
  
  once@^1.3.0:
    version "1.4.0"
    resolved "https://registry.npm.taobao.org/once/download/once-1.4.0.tgz#583b1aa775961d4b113ac17d9c50baef9dd76bd1"
    integrity sha1-WDsap3WWHUsROsF9nFC6753Xa9E=
    dependencies:
      wrappy "1"
  
  path-is-absolute@^1.0.0:
    version "1.0.1"
    resolved "https://registry.npm.taobao.org/path-is-absolute/download/path-is-absolute-1.0.1.tgz#174b9268735534ffbc7ace6bf53a5a9e1b5c5f5f"
    integrity sha1-F0uSaHNVNP+8es5r9TpanhtcX18=
  
  path-type@^3.0.0:
    version "3.0.0"
    resolved "https://registry.npm.taobao.org/path-type/download/path-type-3.0.0.tgz#cef31dc8e0a1a3bb0d105c0cd97cf3bf47f4e36f"
    integrity sha1-zvMdyOCho7sNEFwM2Xzzv0f0428=
    dependencies:
      pify "^3.0.0"
  
  pify@^3.0.0:
    version "3.0.0"
    resolved "https://registry.npm.taobao.org/pify/download/pify-3.0.0.tgz#e5a4acd2c101fdf3d9a4d07f0dbc4db49dd28176"
    integrity sha1-5aSs0sEB/fPZpNB/DbxNtJ3SgXY=
  
  slash@^1.0.0:
    version "1.0.0"
    resolved "https://registry.npm.taobao.org/slash/download/slash-1.0.0.tgz#c41f2f6c39fc16d1cd17ad4b5d896114ae470d55"
    integrity sha1-xB8vbDn8FtHNF61LXYlhFK5HDVU=
  
  wrappy@1:
    version "1.0.2"
    resolved "https://registry.npm.taobao.org/wrappy/download/wrappy-1.0.2.tgz#b5243d8f3ec1aa35f1364605bc0d1036e30ab69f"
    integrity sha1-tSQ9jz7BqjXxNkYFvA0QNuMKtp8=
